#
# A fatal error has been detected by the Java Runtime Environment:
#
#  EXCEPTION_ACCESS_VIOLATION (0xc0000005) at pc=0x000000005c48a940, pid=9008, tid=0x00000000000025a4
#
# JRE version: OpenJDK Runtime Environment (8.0_152-b01) (build 1.8.0_152-release-1343-b01)
# Java VM: OpenJDK 64-Bit Server VM (25.152-b01 mixed mode windows-amd64 compressed oops)
# Problematic frame:
# V  [jvm.dll+0x8a940]
#
# Failed to write core dump. Minidumps are not enabled by default on client versions of Windows
#
# If you would like to submit a bug report, please visit:
#   http://bugreport.java.com/bugreport/crash.jsp
#

---------------  T H R E A D  ---------------

Current thread (0x000000000293a000):  GCTaskThread [stack: 0x00000000124f0000,0x00000000125f0000] [id=9636]

siginfo: ExceptionCode=0xc0000005, reading address 0x0000000104a4c830

Registers:
RAX=0x0000000000000001, RBX=0x00000000f0a5ea18, RCX=0x00000000f0a5ea18, RDX=0x0000000104a4c828
RSP=0x00000000125ef308, RBP=0x0000000011e00127, RSI=0x00000000163545c0, RDI=0x00000000a4024ca0
R8 =0x00000000163545c0, R9 =0x00000000f0a5ea18, R10=0x000000000000000c, R11=0x000000000000000c
R12=0x0000000011e00087, R13=0x0000000000000015, R14=0x0000000000000000, R15=0x000000000292d770
RIP=0x000000005c48a940, EFLAGS=0x0000000000010206

Top of Stack: (sp=0x00000000125ef308)
0x00000000125ef308:   000000005c7cca32 00000000f0a5e7e0
0x00000000125ef318:   00000000163545c0 00000000163545c0
0x00000000125ef328:   00000000f0877948 00000000ef7ad3d8
0x00000000125ef338:   0000000000001000 00000000163545c0
0x00000000125ef348:   000000005c4ed903 0000000000000000
0x00000000125ef358:   0000000016354500 0000000011e00087
0x00000000125ef368:   000000005c7ccda0 00000000ef7b38d0
0x00000000125ef378:   0000000011e00127 00000000163545c0
0x00000000125ef388:   00000000a4024ca0 00000000ef7b38d0
0x00000000125ef398:   000000005c7cd945 00000000f0a3a0a0
0x00000000125ef3a8:   0000000011e00127 00000000163545c0
0x00000000125ef3b8:   0000000000000005 00000000163545c0
0x00000000125ef3c8:   000000005c4c6e7a 00000000a3c5d88c
0x00000000125ef3d8:   000000005c4ef747 00000000163545c0
0x00000000125ef3e8:   000000005c4ed903 00000000a4024c95
0x00000000125ef3f8:   00000000a4024c95 00000000a3f90f54 

Instructions: (pc=0x000000005c48a940)
0x000000005c48a920:   ac 50 1d 00 48 8b 9c 24 c0 00 00 00 48 81 c4 b0
0x000000005c48a930:   00 00 00 5d c3 cc cc cc cc cc cc cc cc cc cc cc
0x000000005c48a940:   44 8b 42 08 4c 8b ca 45 85 c0 7e 0e 41 f6 c0 01
0x000000005c48a950:   75 57 41 c1 f8 03 41 8b c0 c3 79 4d 80 3d 9e 10 


Register to memory mapping:

RAX=0x0000000000000001 is an unknown value
RBX=0x00000000f0a5ea18 is an oop

[error occurred during error reporting (printing register info), id 0xc0000005]

Stack: [0x00000000124f0000,0x00000000125f0000],  sp=0x00000000125ef308,  free space=1020k
Native frames: (J=compiled Java code, j=interpreted, Vv=VM code, C=native code)
V  [jvm.dll+0x8a940]


---------------  P R O C E S S  ---------------

Java Threads: ( => current thread )
  0x000000001dea4000 JavaThread "Cache worker for execution history cache (D:\AndroidStudioProject\CheckBox\.gradle\5.1.1\executionHistory)" [_thread_blocked, id=5572, stack(0x0000000024000000,0x0000000024100000)]
  0x000000001dea9800 JavaThread "Execution worker for ':' Thread 3" [_thread_blocked, id=8892, stack(0x0000000023f00000,0x0000000024000000)]
  0x000000001dea3800 JavaThread "Execution worker for ':' Thread 2" [_thread_blocked, id=12040, stack(0x0000000023c00000,0x0000000023d00000)]
  0x000000001dea2000 JavaThread "Execution worker for ':'" [_thread_blocked, id=11916, stack(0x0000000023700000,0x0000000023800000)]
  0x000000001dea7000 JavaThread "Cache worker for file content cache (D:\AndroidStudioProject\CheckBox\.gradle\5.1.1\fileContent)" [_thread_blocked, id=984, stack(0x0000000023600000,0x0000000023700000)]
  0x000000001e85b000 JavaThread "Cache worker for Build Output Cleanup Cache (D:\AndroidStudioProject\CheckBox\.gradle\buildOutputCleanup)" [_thread_blocked, id=8908, stack(0x0000000023300000,0x0000000023400000)]
  0x000000001e85a000 JavaThread "Build operations Thread 4" [_thread_blocked, id=10028, stack(0x0000000021b70000,0x0000000021c70000)]
  0x000000001e859800 JavaThread "Build operations Thread 3" [_thread_blocked, id=9324, stack(0x00000000208a0000,0x00000000209a0000)]
  0x000000001e857000 JavaThread "Build operations Thread 2" [_thread_blocked, id=1260, stack(0x00000000207a0000,0x00000000208a0000)]
  0x000000001e858800 JavaThread "Build operations" [_thread_blocked, id=3168, stack(0x0000000020250000,0x0000000020350000)]
  0x000000001e855800 JavaThread "Cache worker for cache directory md-rule (C:\Users\le van thang\.gradle\caches\5.1.1\md-rule)" [_thread_blocked, id=10428, stack(0x000000001f9f0000,0x000000001faf0000)]
  0x000000001e85b800 JavaThread "Cache worker for cache directory md-supplier (C:\Users\le van thang\.gradle\caches\5.1.1\md-supplier)" [_thread_blocked, id=3500, stack(0x000000001d0d0000,0x000000001d1d0000)]
  0x000000001e858000 JavaThread "Cache worker for file hash cache (D:\AndroidStudioProject\CheckBox\.gradle\5.1.1\fileHashes)" [_thread_blocked, id=7460, stack(0x000000001bb00000,0x000000001bc00000)]
  0x000000001e856800 JavaThread "Thread-128" [_thread_blocked, id=10244, stack(0x000000001b800000,0x000000001b900000)]
  0x000000001e84e000 JavaThread "Stdin handler" [_thread_blocked, id=8304, stack(0x000000001b700000,0x000000001b800000)]
  0x000000001e850800 JavaThread "Asynchronous log dispatcher for DefaultDaemonConnection: socket connection from /127.0.0.1:51381 to /127.0.0.1:51586" [_thread_blocked, id=936, stack(0x000000001b400000,0x000000001b500000)]
  0x000000001e853800 JavaThread "Daemon worker Thread 7" [_thread_blocked, id=2028, stack(0x000000001b300000,0x000000001b400000)]
  0x000000001e84f800 JavaThread "Cancel handler" [_thread_blocked, id=7848, stack(0x0000000000e00000,0x0000000000f00000)]
  0x000000001e854000 JavaThread "Handler for socket connection from /127.0.0.1:51381 to /127.0.0.1:51586" [_thread_in_native, id=9828, stack(0x0000000000ce0000,0x0000000000de0000)]
  0x000000001e852800 JavaThread "Daemon Thread 7" [_thread_blocked, id=9140, stack(0x0000000000be0000,0x0000000000ce0000)]
  0x000000001dea8000 JavaThread "Cache worker for file content cache (C:\Users\le van thang\.gradle\caches\5.1.1\fileContent)" [_thread_blocked, id=7544, stack(0x0000000023200000,0x0000000023300000)]
  0x000000001deaa000 JavaThread "Memory manager" [_thread_blocked, id=5348, stack(0x0000000022f00000,0x0000000023000000)]
  0x0000000018b4f000 JavaThread "Cache worker for execution history cache (C:\Users\le van thang\.gradle\caches\5.1.1\executionHistory)" [_thread_blocked, id=5028, stack(0x000000001fd10000,0x000000001fe10000)]
  0x0000000018b4c000 JavaThread "Cache worker for journal cache (C:\Users\le van thang\.gradle\caches\journal-1)" [_thread_blocked, id=12192, stack(0x000000001be00000,0x000000001bf00000)]
  0x0000000018b50800 JavaThread "File lock request listener" [_thread_in_native, id=2024, stack(0x000000001bd00000,0x000000001be00000)]
  0x0000000018b57000 JavaThread "Cache worker for file hash cache (C:\Users\le van thang\.gradle\caches\5.1.1\fileHashes)" [_thread_blocked, id=3412, stack(0x000000001bc00000,0x000000001bd00000)]
  0x00000000190fa800 JavaThread "Daemon periodic checks" [_thread_blocked, id=10408, stack(0x000000001b200000,0x000000001b300000)]
  0x00000000197d3800 JavaThread "Incoming local TCP Connector on port 51381" [_thread_in_native, id=7372, stack(0x000000001afc0000,0x000000001b0c0000)]
  0x0000000017d0a800 JavaThread "Service Thread" daemon [_thread_blocked, id=8292, stack(0x00000000180e0000,0x00000000181e0000)]
  0x0000000016392800 JavaThread "C1 CompilerThread2" daemon [_thread_blocked, id=12196, stack(0x0000000017be0000,0x0000000017ce0000)]
  0x000000001638f800 JavaThread "C2 CompilerThread1" daemon [_thread_in_native, id=8832, stack(0x0000000017ae0000,0x0000000017be0000)]
  0x000000001638b000 JavaThread "C2 CompilerThread0" daemon [_thread_in_native, id=11652, stack(0x00000000179e0000,0x0000000017ae0000)]
  0x0000000016389800 JavaThread "Attach Listener" daemon [_thread_blocked, id=10840, stack(0x00000000178e0000,0x00000000179e0000)]
  0x0000000016388800 JavaThread "Signal Dispatcher" daemon [_thread_blocked, id=8920, stack(0x00000000177e0000,0x00000000178e0000)]
  0x0000000002a1b800 JavaThread "Finalizer" daemon [_thread_blocked, id=10720, stack(0x00000000175e0000,0x00000000176e0000)]
  0x0000000002a10800 JavaThread "Reference Handler" daemon [_thread_blocked, id=6728, stack(0x00000000174e0000,0x00000000175e0000)]
  0x0000000000f4e000 JavaThread "main" [_thread_blocked, id=11648, stack(0x0000000002820000,0x0000000002920000)]

Other Threads:
  0x0000000016356800 VMThread [stack: 0x00000000173e0000,0x00000000174e0000] [id=11724]
  0x0000000017d0b000 WatcherThread [stack: 0x00000000181e0000,0x00000000182e0000] [id=7408]

=>0x000000000293a000 (exited) GCTaskThread [stack: 0x00000000124f0000,0x00000000125f0000] [id=9636]

VM state:at safepoint (normal execution)

VM Mutex/Monitor currently owned by a thread:  ([mutex/lock_event])
[0x0000000000f4cf80] Threads_lock - owner thread: 0x0000000016356800
[0x0000000000f4cc00] Heap_lock - owner thread: 0x000000001e853800

Heap:
 PSYoungGen      total 253440K, used 244863K [0x00000000e0000000, 0x00000000f2200000, 0x0000000100000000)
  eden space 223232K, 99% used [0x00000000e0000000,0x00000000ed9a6278,0x00000000eda00000)
  from space 30208K, 72% used [0x00000000ef880000,0x00000000f0df9c00,0x00000000f1600000)
  to   space 31232K, 99% used [0x00000000eda00000,0x00000000ef87d3d8,0x00000000ef880000)
 ParOldGen       total 136192K, used 76763K [0x00000000a0000000, 0x00000000a8500000, 0x00000000e0000000)
  object space 136192K, 56% used [0x00000000a0000000,0x00000000a4af6e30,0x00000000a8500000)
 Metaspace       used 86064K, capacity 90088K, committed 90264K, reserved 1128448K
  class space    used 10952K, capacity 11685K, committed 11688K, reserved 1048576K

Card table byte_map: [0x0000000011de0000,0x00000000120f0000] byte_map_base: 0x00000000118e0000

Marking Bits: (ParMarkBitMap*) 0x000000005cbc5aa0
 Begin Bits: [0x00000000126f0000, 0x0000000013ef0000)
 End Bits:   [0x0000000013ef0000, 0x00000000156f0000)

Polling page: 0x0000000000f50000

CodeCache: size=245760Kb used=47873Kb max_used=47953Kb free=197886Kb
 bounds [0x0000000002a20000, 0x0000000005940000, 0x0000000011a20000]
 total_blobs=16259 nmethods=15395 adapters=774
 compilation: enabled

Compilation events (10 events):
Event: 1347.305 Thread 0x0000000016392800 18863       2       com.google.common.collect.LinkedListMultimap::keySet (5 bytes)
Event: 1347.305 Thread 0x0000000016392800 nmethod 18863 0x000000000528bb10 code [0x000000000528bc60, 0x000000000528be50]
Event: 1347.311 Thread 0x0000000016392800 18865       1       com.android.ide.common.resources.DataSet::getSourceFiles (5 bytes)
Event: 1347.311 Thread 0x0000000016392800 nmethod 18865 0x000000000528b810 code [0x000000000528b960, 0x000000000528ba70]
Event: 1347.313 Thread 0x0000000016392800 18866       2       java.util.Properties::<init> (6 bytes)
Event: 1347.313 Thread 0x0000000016392800 nmethod 18866 0x00000000040f9d10 code [0x00000000040f9ea0, 0x00000000040fa048]
Event: 1347.313 Thread 0x0000000016392800 18867       2       java.util.Properties::<init> (10 bytes)
Event: 1347.313 Thread 0x0000000016392800 nmethod 18867 0x00000000040f9910 code [0x00000000040f9aa0, 0x00000000040f9c48]
Event: 1347.326 Thread 0x0000000016392800 18871   !   3       com.android.ide.common.resources.DataMerger::mergeData (611 bytes)
Event: 1347.330 Thread 0x0000000016392800 nmethod 18871 0x00000000036ef890 code [0x00000000036efde0, 0x00000000036f3668]

GC Heap History (10 events):
Event: 448.486 GC heap after
Heap after GC invocations=19 (full 3):
 PSYoungGen      total 234496K, used 18182K [0x00000000e0000000, 0x00000000f0400000, 0x0000000100000000)
  eden space 210432K, 0% used [0x00000000e0000000,0x00000000e0000000,0x00000000ecd80000)
  from space 24064K, 75% used [0x00000000ee600000,0x00000000ef7c1a28,0x00000000efd80000)
  to   space 25088K, 0% used [0x00000000ecd80000,0x00000000ecd80000,0x00000000ee600000)
 ParOldGen       total 136192K, used 62145K [0x00000000a0000000, 0x00000000a8500000, 0x00000000e0000000)
  object space 136192K, 45% used [0x00000000a0000000,0x00000000a3cb0600,0x00000000a8500000)
 Metaspace       used 82420K, capacity 85914K, committed 86168K, reserved 1124352K
  class space    used 10675K, capacity 11320K, committed 11432K, reserved 1048576K
}
Event: 565.317 GC heap before
{Heap before GC invocations=20 (full 3):
 PSYoungGen      total 234496K, used 228614K [0x00000000e0000000, 0x00000000f0400000, 0x0000000100000000)
  eden space 210432K, 100% used [0x00000000e0000000,0x00000000ecd80000,0x00000000ecd80000)
  from space 24064K, 75% used [0x00000000ee600000,0x00000000ef7c1a28,0x00000000efd80000)
  to   space 25088K, 0% used [0x00000000ecd80000,0x00000000ecd80000,0x00000000ee600000)
 ParOldGen       total 136192K, used 62145K [0x00000000a0000000, 0x00000000a8500000, 0x00000000e0000000)
  object space 136192K, 45% used [0x00000000a0000000,0x00000000a3cb0600,0x00000000a8500000)
 Metaspace       used 83099K, capacity 86810K, committed 86936K, reserved 1124352K
  class space    used 10736K, capacity 11430K, committed 11432K, reserved 1048576K
Event: 565.342 GC heap after
Heap after GC invocations=20 (full 3):
 PSYoungGen      total 235520K, used 9125K [0x00000000e0000000, 0x00000000f0c00000, 0x0000000100000000)
  eden space 210432K, 0% used [0x00000000e0000000,0x00000000e0000000,0x00000000ecd80000)
  from space 25088K, 36% used [0x00000000ecd80000,0x00000000ed669730,0x00000000ee600000)
  to   space 24576K, 0% used [0x00000000ef400000,0x00000000ef400000,0x00000000f0c00000)
 ParOldGen       total 136192K, used 62153K [0x00000000a0000000, 0x00000000a8500000, 0x00000000e0000000)
  object space 136192K, 45% used [0x00000000a0000000,0x00000000a3cb2600,0x00000000a8500000)
 Metaspace       used 83099K, capacity 86810K, committed 86936K, reserved 1124352K
  class space    used 10736K, capacity 11430K, committed 11432K, reserved 1048576K
}
Event: 915.756 GC heap before
{Heap before GC invocations=21 (full 3):
 PSYoungGen      total 235520K, used 219557K [0x00000000e0000000, 0x00000000f0c00000, 0x0000000100000000)
  eden space 210432K, 100% used [0x00000000e0000000,0x00000000ecd80000,0x00000000ecd80000)
  from space 25088K, 36% used [0x00000000ecd80000,0x00000000ed669730,0x00000000ee600000)
  to   space 24576K, 0% used [0x00000000ef400000,0x00000000ef400000,0x00000000f0c00000)
 ParOldGen       total 136192K, used 62153K [0x00000000a0000000, 0x00000000a8500000, 0x00000000e0000000)
  object space 136192K, 45% used [0x00000000a0000000,0x00000000a3cb2600,0x00000000a8500000)
 Metaspace       used 84479K, capacity 88234K, committed 88344K, reserved 1126400K
  class space    used 10851K, capacity 11534K, committed 11560K, reserved 1048576K
Event: 915.791 GC heap after
Heap after GC invocations=21 (full 3):
 PSYoungGen      total 216576K, used 12867K [0x00000000e0000000, 0x00000000f0100000, 0x0000000100000000)
  eden space 203264K, 0% used [0x00000000e0000000,0x00000000e0000000,0x00000000ec680000)
  from space 13312K, 96% used [0x00000000ef400000,0x00000000f0090fc0,0x00000000f0100000)
  to   space 23552K, 0% used [0x00000000ed300000,0x00000000ed300000,0x00000000eea00000)
 ParOldGen       total 136192K, used 62161K [0x00000000a0000000, 0x00000000a8500000, 0x00000000e0000000)
  object space 136192K, 45% used [0x00000000a0000000,0x00000000a3cb4600,0x00000000a8500000)
 Metaspace       used 84479K, capacity 88234K, committed 88344K, reserved 1126400K
  class space    used 10851K, capacity 11534K, committed 11560K, reserved 1048576K
}
Event: 917.451 GC heap before
{Heap before GC invocations=22 (full 3):
 PSYoungGen      total 216576K, used 216031K [0x00000000e0000000, 0x00000000f0100000, 0x0000000100000000)
  eden space 203264K, 99% used [0x00000000e0000000,0x00000000ec666f08,0x00000000ec680000)
  from space 13312K, 96% used [0x00000000ef400000,0x00000000f0090fc0,0x00000000f0100000)
  to   space 23552K, 0% used [0x00000000ed300000,0x00000000ed300000,0x00000000eea00000)
 ParOldGen       total 136192K, used 62161K [0x00000000a0000000, 0x00000000a8500000, 0x00000000e0000000)
  object space 136192K, 45% used [0x00000000a0000000,0x00000000a3cb4600,0x00000000a8500000)
 Metaspace       used 84944K, capacity 88716K, committed 88984K, reserved 1126400K
  class space    used 10862K, capacity 11573K, committed 11688K, reserved 1048576K
Event: 917.511 GC heap after
Heap after GC invocations=22 (full 3):
 PSYoungGen      total 239616K, used 23538K [0x00000000e0000000, 0x00000000f1600000, 0x0000000100000000)
  eden space 216064K, 0% used [0x00000000e0000000,0x00000000e0000000,0x00000000ed300000)
  from space 23552K, 99% used [0x00000000ed300000,0x00000000ee9fc950,0x00000000eea00000)
  to   space 30208K, 0% used [0x00000000ef880000,0x00000000ef880000,0x00000000f1600000)
 ParOldGen       total 136192K, used 71631K [0x00000000a0000000, 0x00000000a8500000, 0x00000000e0000000)
  object space 136192K, 52% used [0x00000000a0000000,0x00000000a45f3de0,0x00000000a8500000)
 Metaspace       used 84944K, capacity 88716K, committed 88984K, reserved 1126400K
  class space    used 10862K, capacity 11573K, committed 11688K, reserved 1048576K
}
Event: 1033.214 GC heap before
{Heap before GC invocations=23 (full 3):
 PSYoungGen      total 239616K, used 239602K [0x00000000e0000000, 0x00000000f1600000, 0x0000000100000000)
  eden space 216064K, 100% used [0x00000000e0000000,0x00000000ed300000,0x00000000ed300000)
  from space 23552K, 99% used [0x00000000ed300000,0x00000000ee9fc950,0x00000000eea00000)
  to   space 30208K, 0% used [0x00000000ef880000,0x00000000ef880000,0x00000000f1600000)
 ParOldGen       total 136192K, used 71631K [0x00000000a0000000, 0x00000000a8500000, 0x00000000e0000000)
  object space 136192K, 52% used [0x00000000a0000000,0x00000000a45f3de0,0x00000000a8500000)
 Metaspace       used 85489K, capacity 89256K, committed 89496K, reserved 1126400K
  class space    used 10905K, capacity 11593K, committed 11688K, reserved 1048576K
Event: 1033.258 GC heap after
Heap after GC invocations=23 (full 3):
 PSYoungGen      total 253440K, used 21991K [0x00000000e0000000, 0x00000000f2200000, 0x0000000100000000)
  eden space 223232K, 0% used [0x00000000e0000000,0x00000000e0000000,0x00000000eda00000)
  from space 30208K, 72% used [0x00000000ef880000,0x00000000f0df9c00,0x00000000f1600000)
  to   space 31232K, 0% used [0x00000000eda00000,0x00000000eda00000,0x00000000ef880000)
 ParOldGen       total 136192K, used 75155K [0x00000000a0000000, 0x00000000a8500000, 0x00000000e0000000)
  object space 136192K, 55% used [0x00000000a0000000,0x00000000a4964e30,0x00000000a8500000)
 Metaspace       used 85489K, capacity 89256K, committed 89496K, reserved 1126400K
  class space    used 10905K, capacity 11593K, committed 11688K, reserved 1048576K
}
Event: 1347.377 GC heap before
{Heap before GC invocations=24 (full 3):
 PSYoungGen      total 253440K, used 244863K [0x00000000e0000000, 0x00000000f2200000, 0x0000000100000000)
  eden space 223232K, 99% used [0x00000000e0000000,0x00000000ed9a6278,0x00000000eda00000)
  from space 30208K, 72% used [0x00000000ef880000,0x00000000f0df9c00,0x00000000f1600000)
  to   space 31232K, 0% used [0x00000000eda00000,0x00000000eda00000,0x00000000ef880000)
 ParOldGen       total 136192K, used 75155K [0x00000000a0000000, 0x00000000a8500000, 0x00000000e0000000)
  object space 136192K, 55% used [0x00000000a0000000,0x00000000a4964e30,0x00000000a8500000)
 Metaspace       used 86064K, capacity 90088K, committed 90264K, reserved 1128448K
  class space    used 10952K, capacity 11685K, committed 11688K, reserved 1048576K

Deoptimization events (10 events):
Event: 1033.642 Thread 0x000000001f23e800 Uncommon trap: reason=bimorphic action=maybe_recompile pc=0x0000000003ecfc28 method=com.google.common.collect.ImmutableList$1.get(I)Ljava/lang/Object; @ 5
Event: 1034.258 Thread 0x000000001e855800 Uncommon trap: reason=class_check action=maybe_recompile pc=0x000000000531eb10 method=com.sun.org.apache.xerces.internal.dom.AttrImpl.getOwnerElement()Lorg/w3c/dom/Element; @ 18
Event: 1034.258 Thread 0x000000001e855800 Uncommon trap: reason=class_check action=maybe_recompile pc=0x000000000531eb10 method=com.sun.org.apache.xerces.internal.dom.AttrImpl.getOwnerElement()Lorg/w3c/dom/Element; @ 18
Event: 1034.266 Thread 0x000000001e855800 Uncommon trap: reason=class_check action=maybe_recompile pc=0x000000000531eb10 method=com.sun.org.apache.xerces.internal.dom.AttrImpl.getOwnerElement()Lorg/w3c/dom/Element; @ 18
Event: 1034.266 Thread 0x000000001e855800 Uncommon trap: reason=class_check action=maybe_recompile pc=0x000000000531eb10 method=com.sun.org.apache.xerces.internal.dom.AttrImpl.getOwnerElement()Lorg/w3c/dom/Element; @ 18
Event: 1035.906 Thread 0x000000001e853800 Uncommon trap: reason=class_check action=maybe_recompile pc=0x0000000003a69ec0 method=java.util.stream.MatchOps$MatchOp.evaluateSequential(Ljava/util/stream/PipelineHelper;Ljava/util/Spliterator;)Ljava/lang/Boolean; @ 14
Event: 1035.993 Thread 0x000000001e84f800 Uncommon trap: reason=unstable_if action=reinterpret pc=0x0000000003fcb014 method=com.google.common.collect.HashBiMap.seekByValue(Ljava/lang/Object;I)Lcom/google/common/collect/HashBiMap$BiEntry; @ 21
Event: 1346.801 Thread 0x000000001e853800 Uncommon trap: reason=bimorphic action=maybe_recompile pc=0x0000000003ecfc28 method=com.google.common.collect.ImmutableList$1.get(I)Ljava/lang/Object; @ 5
Event: 1347.348 Thread 0x000000001e853800 Uncommon trap: reason=null_check action=make_not_entrant pc=0x00000000057d9860 method=com.android.ide.common.resources.NodeUtils.processSingleNodeNamespace(Lorg/w3c/dom/Node;Lorg/w3c/dom/Document;)Z @ 8
Event: 1347.348 Thread 0x000000001e853800 Uncommon trap: reason=null_check action=make_not_entrant pc=0x00000000057c18a0 method=com.android.ide.common.resources.NodeUtils.processSingleNodeNamespace(Lorg/w3c/dom/Node;Lorg/w3c/dom/Document;)Z @ 8

Classes redefined (0 events):
No events

Internal exceptions (10 events):
Event: 918.307 Thread 0x0000000018b4d800 Exception <a 'sun/nio/fs/WindowsException'> (0x00000000e5bb3af0) thrown at [D:\src\AOSP-openjdk-cygwin\jdk8u\hotspot\src\share\vm\prims\jni.cpp, line 709]
Event: 918.311 Thread 0x000000001f245800 Exception <a 'sun/nio/fs/WindowsException'> (0x00000000e5cf2c18) thrown at [D:\src\AOSP-openjdk-cygwin\jdk8u\hotspot\src\share\vm\prims\jni.cpp, line 709]
Event: 918.318 Thread 0x0000000018b4d800 Exception <a 'sun/nio/fs/WindowsException'> (0x00000000e5d7a430) thrown at [D:\src\AOSP-openjdk-cygwin\jdk8u\hotspot\src\share\vm\prims\jni.cpp, line 709]
Event: 918.653 Thread 0x00000000186de800 Exception <a 'sun/nio/fs/WindowsException'> (0x00000000e880c888) thrown at [D:\src\AOSP-openjdk-cygwin\jdk8u\hotspot\src\share\vm\prims\jni.cpp, line 709]
Event: 1033.429 Thread 0x000000001f23e800 Exception <a 'sun/nio/fs/WindowsException'> (0x00000000e0943318) thrown at [D:\src\AOSP-openjdk-cygwin\jdk8u\hotspot\src\share\vm\prims\jni.cpp, line 709]
Event: 1035.524 Thread 0x000000001e84f800 Exception <a 'java/lang/NoSuchMethodError': java.lang.Object.lambda$asRunnable$0(Lcom/android/tools/build/apkzlib/utils/IOExceptionRunnable;)V> (0x00000000e6344de8) thrown at [D:\src\AOSP-openjdk-cygwin\jdk8u\hotspot\src\share\vm\interpreter\linkResolver.
Event: 1035.608 Thread 0x000000001e856800 Exception <a 'sun/nio/fs/WindowsException'> (0x00000000e6ad1398) thrown at [D:\src\AOSP-openjdk-cygwin\jdk8u\hotspot\src\share\vm\prims\jni.cpp, line 709]
Event: 1346.670 Thread 0x000000001e853800 Exception <a 'sun/nio/fs/WindowsException'> (0x00000000e9ccff68) thrown at [D:\src\AOSP-openjdk-cygwin\jdk8u\hotspot\src\share\vm\prims\jni.cpp, line 709]
Event: 1347.348 Thread 0x000000001e853800 Implicit null exception at 0x00000000057d331f to 0x00000000057d9845
Event: 1347.348 Thread 0x000000001e853800 Implicit null exception at 0x00000000057c07fb to 0x00000000057c1891

Events (10 events):
Event: 1347.078 Executing VM operation: RevokeBias done
Event: 1347.314 Thread 0x000000001e853800 DEOPT PACKING pc=0x000000000306598d sp=0x000000001b3f9990
Event: 1347.314 Thread 0x000000001e853800 DEOPT UNPACKING pc=0x0000000002a675d0 sp=0x000000001b3f96a8 mode 0
Event: 1347.348 Thread 0x000000001e853800 Uncommon trap: trap_request=0xfffffff4 fr.pc=0x00000000057d9860
Event: 1347.348 Thread 0x000000001e853800 DEOPT PACKING pc=0x00000000057d9860 sp=0x000000001b3f9770
Event: 1347.348 Thread 0x000000001e853800 DEOPT UNPACKING pc=0x0000000002a6557b sp=0x000000001b3f9758 mode 2
Event: 1347.348 Thread 0x000000001e853800 Uncommon trap: trap_request=0xfffffff4 fr.pc=0x00000000057c18a0
Event: 1347.348 Thread 0x000000001e853800 DEOPT PACKING pc=0x00000000057c18a0 sp=0x000000001b3f9770
Event: 1347.348 Thread 0x000000001e853800 DEOPT UNPACKING pc=0x0000000002a6557b sp=0x000000001b3f9750 mode 2
Event: 1347.377 Executing VM operation: ParallelGCFailedAllocation


Dynamic libraries:
0x00007ff69f240000 - 0x00007ff69f271000 	C:\Program Files\Android\Android Studio\jre\bin\java.exe
0x00007ffef6980000 - 0x00007ffef6b70000 	C:\Windows\SYSTEM32\ntdll.dll
0x00007ffef63e0000 - 0x00007ffef6492000 	C:\Windows\System32\KERNEL32.DLL
0x00007ffef4790000 - 0x00007ffef4a33000 	C:\Windows\System32\KERNELBASE.dll
0x00007ffef5f40000 - 0x00007ffef5fe3000 	C:\Windows\System32\ADVAPI32.dll
0x00007ffef58b0000 - 0x00007ffef594e000 	C:\Windows\System32\msvcrt.dll
0x00007ffef5810000 - 0x00007ffef58a7000 	C:\Windows\System32\sechost.dll
0x00007ffef5000000 - 0x00007ffef5120000 	C:\Windows\System32\RPCRT4.dll
0x00007ffef6020000 - 0x00007ffef61b3000 	C:\Windows\System32\USER32.dll
0x00007ffef4170000 - 0x00007ffef4191000 	C:\Windows\System32\win32u.dll
0x00007ffef61c0000 - 0x00007ffef61e6000 	C:\Windows\System32\GDI32.dll
0x00007ffef4370000 - 0x00007ffef4504000 	C:\Windows\System32\gdi32full.dll
0x00007ffef4610000 - 0x00007ffef46ae000 	C:\Windows\System32\msvcp_win.dll
0x00007ffef4510000 - 0x00007ffef460a000 	C:\Windows\System32\ucrtbase.dll
0x00007ffef2fa0000 - 0x00007ffef3225000 	C:\Windows\WinSxS\amd64_microsoft.windows.common-controls_6595b64144ccf1df_6.0.18362.239_none_e6c7aebd130c7608\COMCTL32.dll
0x00007ffef5b90000 - 0x00007ffef5ec6000 	C:\Windows\System32\combase.dll
0x00007ffef40a0000 - 0x00007ffef4120000 	C:\Windows\System32\bcryptPrimitives.dll
0x00007ffef5ff0000 - 0x00007ffef601e000 	C:\Windows\System32\IMM32.DLL
0x000000005c320000 - 0x000000005c3f2000 	C:\Program Files\Android\Android Studio\jre\jre\bin\msvcr100.dll
0x000000005c400000 - 0x000000005cc41000 	C:\Program Files\Android\Android Studio\jre\jre\bin\server\jvm.dll
0x00007ffef5b00000 - 0x00007ffef5b08000 	C:\Windows\System32\PSAPI.DLL
0x00007ffee59c0000 - 0x00007ffee59ca000 	C:\Windows\SYSTEM32\VERSION.dll
0x00007ffef0680000 - 0x00007ffef06a4000 	C:\Windows\SYSTEM32\WINMM.dll
0x00007ffef0550000 - 0x00007ffef057d000 	C:\Windows\SYSTEM32\WINMMBASE.dll
0x00007ffef4120000 - 0x00007ffef416a000 	C:\Windows\System32\cfgmgr32.dll
0x00007ffeede50000 - 0x00007ffeede59000 	C:\Windows\SYSTEM32\WSOCK32.dll
0x00007ffef6370000 - 0x00007ffef63df000 	C:\Windows\System32\WS2_32.dll
0x00007ffeed630000 - 0x00007ffeed63f000 	C:\Program Files\Android\Android Studio\jre\jre\bin\verify.dll
0x00007ffeec1d0000 - 0x00007ffeec1f9000 	C:\Program Files\Android\Android Studio\jre\jre\bin\java.dll
0x00007ffeec150000 - 0x00007ffeec166000 	C:\Program Files\Android\Android Studio\jre\jre\bin\zip.dll
0x00007ffef5120000 - 0x00007ffef5800000 	C:\Windows\System32\SHELL32.dll
0x00007ffef6600000 - 0x00007ffef66a9000 	C:\Windows\System32\shcore.dll
0x00007ffef3920000 - 0x00007ffef409b000 	C:\Windows\System32\windows.storage.dll
0x00007ffef3900000 - 0x00007ffef391f000 	C:\Windows\System32\profapi.dll
0x00007ffef3890000 - 0x00007ffef38da000 	C:\Windows\System32\powrprof.dll
0x00007ffef3860000 - 0x00007ffef3870000 	C:\Windows\System32\UMPDC.dll
0x00007ffef5b10000 - 0x00007ffef5b62000 	C:\Windows\System32\shlwapi.dll
0x00007ffef3870000 - 0x00007ffef3881000 	C:\Windows\System32\kernel.appcore.dll
0x00007ffef4350000 - 0x00007ffef4367000 	C:\Windows\System32\cryptsp.dll
0x00007ffeec130000 - 0x00007ffeec14a000 	C:\Program Files\Android\Android Studio\jre\jre\bin\net.dll
0x00007ffef29f0000 - 0x00007ffef2a57000 	C:\Windows\system32\mswsock.dll
0x00007ffee76c0000 - 0x00007ffee76d1000 	C:\Program Files\Android\Android Studio\jre\jre\bin\nio.dll
0x00007ffee5ec0000 - 0x00007ffee5ede000 	C:\Users\le van thang\.gradle\native\25\windows-amd64\native-platform.dll
0x00007ffeec540000 - 0x00007ffeec54d000 	C:\Program Files\Android\Android Studio\jre\jre\bin\management.dll
0x00007ffef25b0000 - 0x00007ffef25e3000 	C:\Windows\system32\rsaenh.dll
0x00007ffef4760000 - 0x00007ffef4786000 	C:\Windows\System32\bcrypt.dll
0x00007ffef3750000 - 0x00007ffef3775000 	C:\Windows\SYSTEM32\USERENV.dll
0x00007ffef2bc0000 - 0x00007ffef2bcc000 	C:\Windows\SYSTEM32\CRYPTBASE.dll
0x00007ffef2750000 - 0x00007ffef278a000 	C:\Windows\SYSTEM32\IPHLPAPI.DLL
0x00007ffef5800000 - 0x00007ffef5808000 	C:\Windows\System32\NSI.dll
0x00007ffee6910000 - 0x00007ffee6926000 	C:\Windows\SYSTEM32\dhcpcsvc6.DLL
0x00007ffee68f0000 - 0x00007ffee690c000 	C:\Windows\SYSTEM32\dhcpcsvc.DLL
0x00007ffef2790000 - 0x00007ffef285a000 	C:\Windows\SYSTEM32\DNSAPI.dll
0x00007ffef34e0000 - 0x00007ffef3511000 	C:\Windows\SYSTEM32\ntmarta.dll
0x00007ffef3260000 - 0x00007ffef3454000 	C:\Windows\SYSTEM32\dbghelp.dll

VM Arguments:
jvm_args: -Xmx1536m -Dfile.encoding=windows-1252 -Duser.country=US -Duser.language=en -Duser.variant 
java_command: org.gradle.launcher.daemon.bootstrap.GradleDaemon 5.1.1
java_class_path (initial): C:\Users\le van thang\.gradle\wrapper\dists\gradle-5.1.1-all\97z1ksx6lirer3kbvdnh7jtjg\gradle-5.1.1\lib\gradle-launcher-5.1.1.jar
Launcher Type: SUN_STANDARD

Environment Variables:
PATH=C:\Windows\system32;C:\Windows;C:\Windows\System32\Wbem;C:\Windows\System32\WindowsPowerShell\v1.0\;C:\Windows\System32\OpenSSH\;C:\Program Files\nodejs\;C:\Program Files\Git\cmd;C:\Users\le van thang\AppData\Local\Microsoft\WindowsApps;C:\Users\le van thang\AppData\Roaming\npm;C:\Users\le van thang\AppData\Local\Programs\Microsoft VS Code\bin
USERNAME=le van thang
OS=Windows_NT
PROCESSOR_IDENTIFIER=Intel64 Family 6 Model 78 Stepping 3, GenuineIntel



---------------  S Y S T E M  ---------------

OS: Windows 10.0 , 64 bit Build 18362 (10.0.18362.86)

CPU:total 4 (initial active 4) (2 cores per cpu, 2 threads per core) family 6 model 78 stepping 3, cmov, cx8, fxsr, mmx, sse, sse2, sse3, ssse3, sse4.1, sse4.2, popcnt, avx, avx2, aes, clmul, erms, 3dnowpref, lzcnt, ht, tsc, tscinvbit, bmi1, bmi2, adx

Memory: 4k page, physical 8301544k(3050788k free), swap 9612264k(3438616k free)

vm_info: OpenJDK 64-Bit Server VM (25.152-b01) for windows-amd64 JRE (1.8.0_152-release-1343-b01), built by "builder" with MS VC++ 10.0 (VS2010)

time: Thu Aug 15 21:23:42 2019
elapsed time: 1347 seconds (0d 0h 22m 27s)

